c:\users\maximhar\documents\visual studio 2013\projects\aphidsandladybugs\aphidsandladybugs\debug\vc120.pdb
c:\users\maximhar\documents\visual studio 2013\projects\aphidsandladybugs\aphidsandladybugs\debug\vc120.idb
c:\users\maximhar\documents\visual studio 2013\projects\aphidsandladybugs\aphidsandladybugs\debug\aphid.obj
c:\users\maximhar\documents\visual studio 2013\projects\aphidsandladybugs\aphidsandladybugs\debug\cell.obj
c:\users\maximhar\documents\visual studio 2013\projects\aphidsandladybugs\aphidsandladybugs\debug\ladybug.obj
c:\users\maximhar\documents\visual studio 2013\projects\aphidsandladybugs\aphidsandladybugs\debug\manager.obj
c:\users\maximhar\documents\visual studio 2013\projects\aphidsandladybugs\aphidsandladybugs\debug\run.obj
c:\users\maximhar\documents\visual studio 2013\projects\aphidsandladybugs\aphidsandladybugs\debug\squarecell.obj
c:\users\maximhar\documents\visual studio 2013\projects\aphidsandladybugs\aphidsandladybugs\debug\squareloader.obj
c:\users\maximhar\documents\visual studio 2013\projects\aphidsandladybugs\aphidsandladybugs\debug\squareprinter.obj
c:\users\maximhar\documents\visual studio 2013\projects\aphidsandladybugs\aphidsandladybugs\debug\squareworld.obj
c:\users\maximhar\documents\visual studio 2013\projects\aphidsandladybugs\debug\aphidsandladybugs.pdb
c:\users\maximhar\documents\visual studio 2013\projects\aphidsandladybugs\aphidsandladybugs\debug\aphidsan.7d38727d.tlog\cl.command.1.tlog
c:\users\maximhar\documents\visual studio 2013\projects\aphidsandladybugs\aphidsandladybugs\debug\aphidsan.7d38727d.tlog\cl.read.1.tlog
c:\users\maximhar\documents\visual studio 2013\projects\aphidsandladybugs\aphidsandladybugs\debug\aphidsan.7d38727d.tlog\cl.write.1.tlog
c:\users\maximhar\documents\visual studio 2013\projects\aphidsandladybugs\aphidsandladybugs\debug\aphidsan.7d38727d.tlog\link-cvtres.read.1.tlog
c:\users\maximhar\documents\visual studio 2013\projects\aphidsandladybugs\aphidsandladybugs\debug\aphidsan.7d38727d.tlog\link-cvtres.write.1.tlog
c:\users\maximhar\documents\visual studio 2013\projects\aphidsandladybugs\aphidsandladybugs\debug\aphidsan.7d38727d.tlog\link-rc.read.1.tlog
c:\users\maximhar\documents\visual studio 2013\projects\aphidsandladybugs\aphidsandladybugs\debug\aphidsan.7d38727d.tlog\link-rc.write.1.tlog
c:\users\maximhar\documents\visual studio 2013\projects\aphidsandladybugs\aphidsandladybugs\debug\aphidsan.7d38727d.tlog\link.4188-cvtres.read.1.tlog
c:\users\maximhar\documents\visual studio 2013\projects\aphidsandladybugs\aphidsandladybugs\debug\aphidsan.7d38727d.tlog\link.4188-cvtres.write.1.tlog
c:\users\maximhar\documents\visual studio 2013\projects\aphidsandladybugs\aphidsandladybugs\debug\aphidsan.7d38727d.tlog\link.4188-rc.read.1.tlog
c:\users\maximhar\documents\visual studio 2013\projects\aphidsandladybugs\aphidsandladybugs\debug\aphidsan.7d38727d.tlog\link.4188-rc.write.1.tlog
c:\users\maximhar\documents\visual studio 2013\projects\aphidsandladybugs\aphidsandladybugs\debug\aphidsan.7d38727d.tlog\link.4188.read.1.tlog
c:\users\maximhar\documents\visual studio 2013\projects\aphidsandladybugs\aphidsandladybugs\debug\aphidsan.7d38727d.tlog\link.4188.write.1.tlog
c:\users\maximhar\documents\visual studio 2013\projects\aphidsandladybugs\aphidsandladybugs\debug\aphidsan.7d38727d.tlog\link.command.1.tlog
c:\users\maximhar\documents\visual studio 2013\projects\aphidsandladybugs\aphidsandladybugs\debug\aphidsan.7d38727d.tlog\link.read.1.tlog
c:\users\maximhar\documents\visual studio 2013\projects\aphidsandladybugs\aphidsandladybugs\debug\aphidsan.7d38727d.tlog\link.write.1.tlog
