c:\users\maximhar\documents\visual studio 2013\projects\aphidsandladybugs\aphidsandladybugs\release\vc120.pdb
c:\users\maximhar\documents\visual studio 2013\projects\aphidsandladybugs\aphidsandladybugs\release\worldmap.obj
c:\users\maximhar\documents\visual studio 2013\projects\aphidsandladybugs\aphidsandladybugs\release\squareworld.obj
c:\users\maximhar\documents\visual studio 2013\projects\aphidsandladybugs\aphidsandladybugs\release\squareprinter.obj
c:\users\maximhar\documents\visual studio 2013\projects\aphidsandladybugs\aphidsandladybugs\release\squareloader.obj
c:\users\maximhar\documents\visual studio 2013\projects\aphidsandladybugs\aphidsandladybugs\release\squarecell.obj
c:\users\maximhar\documents\visual studio 2013\projects\aphidsandladybugs\aphidsandladybugs\release\run.obj
c:\users\maximhar\documents\visual studio 2013\projects\aphidsandladybugs\aphidsandladybugs\release\manager.obj
c:\users\maximhar\documents\visual studio 2013\projects\aphidsandladybugs\aphidsandladybugs\release\ladybugconfiguration.obj
c:\users\maximhar\documents\visual studio 2013\projects\aphidsandladybugs\aphidsandladybugs\release\ladybug.obj
c:\users\maximhar\documents\visual studio 2013\projects\aphidsandladybugs\aphidsandladybugs\release\creature.obj
c:\users\maximhar\documents\visual studio 2013\projects\aphidsandladybugs\aphidsandladybugs\release\cell.obj
c:\users\maximhar\documents\visual studio 2013\projects\aphidsandladybugs\aphidsandladybugs\release\aphidconfiguration.obj
c:\users\maximhar\documents\visual studio 2013\projects\aphidsandladybugs\aphidsandladybugs\release\aphid.obj
c:\users\maximhar\documents\visual studio 2013\projects\aphidsandladybugs\release\aphidsandladybugs.exe
c:\users\maximhar\documents\visual studio 2013\projects\aphidsandladybugs\release\aphidsandladybugs.pdb
c:\users\maximhar\documents\visual studio 2013\projects\aphidsandladybugs\aphidsandladybugs\release\aphidsan.7d38727d.tlog\cl.command.1.tlog
c:\users\maximhar\documents\visual studio 2013\projects\aphidsandladybugs\aphidsandladybugs\release\aphidsan.7d38727d.tlog\cl.read.1.tlog
c:\users\maximhar\documents\visual studio 2013\projects\aphidsandladybugs\aphidsandladybugs\release\aphidsan.7d38727d.tlog\cl.write.1.tlog
c:\users\maximhar\documents\visual studio 2013\projects\aphidsandladybugs\aphidsandladybugs\release\aphidsan.7d38727d.tlog\link.command.1.tlog
c:\users\maximhar\documents\visual studio 2013\projects\aphidsandladybugs\aphidsandladybugs\release\aphidsan.7d38727d.tlog\link.read.1.tlog
c:\users\maximhar\documents\visual studio 2013\projects\aphidsandladybugs\aphidsandladybugs\release\aphidsan.7d38727d.tlog\link.write.1.tlog
